clear 1 1
tree 1 1
stone1 1 1
stone2 1 1
stone3 1 1
stone4 1 1
stone5 1 1
stone6 1 1
door 1 1
square 1 1
block 1 1
oasis0x0 1 1
oasis1x0 1 1
oasis2x0 1 1
oasis3x0 1 1
oasis4x0 1 1
oasis0x1 1 1
oasis1x1 1 1
oasis2x1 1 1
oasis3x1 1 1
oasis4x1 1 1
oasis1x2 1 1
oasis2x2 1 1
oasis3x2 1 1
closedoor 1 2
scrollbar 2 1
trolldos 1 1
trollpenguin 1 1
troll 4 2
sword 1 1
magicsword 1 1
sword_h 2 2
sword_v 2 2
key 4 1
gold 1 1
gold3 1 1
hitpoint 1 1
map 1 1
anhk 1 1
shield 1 1
shieldproj 4 1
graytroll 1 1
merchant 1 2
airelemental 1 3
bug 4 2
octoid 1 2
skeltroll 1 2
scorpion 4 2
cobra 2 2
blast 1 1
explosion 2 1
spear 4 1
toad 4 2

